TN:
SF:dist/services/submit-feedback-service.js
FN:1,Object.<anonymous>
FN:5,SubmitFeedbackService
FN:9,execute
FNF:3
FNH:3
FNDA:1,Object.<anonymous>
FNDA:1,SubmitFeedbackService
FNDA:4,execute
DA:1,1
DA:2,1
DA:3,1
DA:4,1
DA:5,1
DA:6,1
DA:7,1
DA:8,1
DA:9,1
DA:10,4
DA:11,4
DA:12,4
DA:13,3
DA:14,4
DA:15,4
DA:16,4
DA:17,1
DA:18,1
DA:19,1
DA:20,1
DA:21,1
DA:22,1
DA:23,1
DA:24,1
DA:25,1
DA:26,1
DA:27,1
DA:28,4
DA:29,4
DA:30,4
DA:31,4
DA:32,1
DA:33,4
DA:34,1
DA:35,1
LF:35
LH:35
BRDA:1,0,0,1
BRDA:1,1,0,1
BRDA:5,2,0,1
BRDA:9,3,0,4
BRDA:12,4,0,1
BRDA:13,5,0,3
BRDA:14,6,0,1
BRDA:15,7,0,2
BRDA:16,8,0,1
BRDA:28,9,0,0
BRDA:32,10,0,1
BRF:11
BRH:10
end_of_record
TN:
SF:src/services/submit-feedback-service.ts
FN:20,execute
FN:13,SubmitFeedbackService
FNF:2
FNH:2
FNDA:4,execute
FNDA:1,SubmitFeedbackService
DA:1,1
DA:2,1
DA:3,1
DA:4,1
DA:5,1
DA:6,1
DA:7,1
DA:8,1
DA:9,1
DA:10,1
DA:11,1
DA:12,1
DA:13,1
DA:14,1
DA:15,1
DA:16,1
DA:17,1
DA:18,1
DA:19,1
DA:20,1
DA:21,4
DA:22,4
DA:23,4
DA:24,2
DA:25,4
DA:26,4
DA:27,1
DA:28,1
DA:29,1
DA:30,1
DA:31,1
DA:32,1
DA:33,1
DA:34,1
DA:35,1
DA:36,1
DA:37,1
DA:38,1
DA:39,1
DA:40,4
DA:41,4
DA:42,4
DA:43,4
DA:44,4
DA:45,1
DA:46,1
DA:47,1
DA:48,1
LF:48
LH:48
BRDA:20,0,0,4
BRDA:22,1,0,1
BRDA:23,2,0,3
BRDA:23,3,0,1
BRDA:24,4,0,2
BRDA:26,5,0,1
BRDA:40,6,0,0
BRDA:45,7,0,1
BRDA:13,8,0,1
BRF:9
BRH:8
end_of_record
